#
# There is insufficient memory for the Java Runtime Environment to continue.
# Native memory allocation (malloc) failed to allocate 1048576 bytes for AllocateHeap
# Possible reasons:
#   The system is out of physical RAM or swap space
#   The process is running with CompressedOops enabled, and the Java Heap may be blocking the growth of the native heap
# Possible solutions:
#   Reduce memory load on the system
#   Increase physical memory or swap space
#   Check if swap backing store is full
#   Decrease Java heap size (-Xmx/-Xms)
#   Decrease number of Java threads
#   Decrease Java thread stack sizes (-Xss)
#   Set larger code cache with -XX:ReservedCodeCacheSize=
#   JVM is running with Zero Based Compressed Oops mode in which the Java heap is
#     placed in the first 32GB address space. The Java Heap base address is the
#     maximum limit for the native heap growth. Please use -XX:HeapBaseMinAddress
#     to set the Java Heap base and to place the Java Heap above 32GB virtual address.
# This output file may be truncated or incomplete.
#
#  Out of Memory Error (memory/allocation.inline.hpp:61), pid=17280, tid=0x0000000000001f4c
#
# JRE version:  (8.0_331-b09) (build )
# Java VM: Java HotSpot(TM) 64-Bit Server VM (25.331-b09 mixed mode windows-amd64 compressed oops)
# Failed to write core dump. Minidumps are not enabled by default on client versions of Windows
#

---------------  T H R E A D  ---------------

Current thread (0x0000022a72f58800):  JavaThread "Unknown thread" [_thread_in_vm, id=8012, stack(0x000000be64800000,0x000000be64900000)]

Stack: [0x000000be64800000,0x000000be64900000]
Native frames: (J=compiled Java code, j=interpreted, Vv=VM code, C=native code)
V  [jvm.dll+0x32fc49]
V  [jvm.dll+0x2761a2]
V  [jvm.dll+0x276e4d]
V  [jvm.dll+0x26d7f5]
V  [jvm.dll+0x509d]
V  [jvm.dll+0x3ca62d]
V  [jvm.dll+0x3cb3aa]
V  [jvm.dll+0x3c7337]
V  [jvm.dll+0xfd2ff]
V  [jvm.dll+0x20a8eb]
V  [jvm.dll+0x239417]
V  [jvm.dll+0x162e26]
C  [java.exe+0x2312]
C  [java.exe+0x15f54]
C  [KERNEL32.DLL+0x154e0]
C  [ntdll.dll+0x485b]


---------------  P R O C E S S  ---------------

Java Threads: ( => current thread )

Other Threads:

=>0x0000022a72f58800 (exited) JavaThread "Unknown thread" [_thread_in_vm, id=8012, stack(0x000000be64800000,0x000000be64900000)]

VM state:not at safepoint (normal execution)

VM Mutex/Monitor currently owned by a thread: None

heap address: 0x00000006c2000000, size: 4064 MB, Compressed Oops mode: Zero based, Oop shift amount: 3
Narrow klass base: 0x0000000000000000, Narrow klass shift: 3
Compressed class space size: 1073741824 Address: 0x00000007c0000000

Heap:
 PSYoungGen      total 75776K, used 1300K [0x000000076b580000, 0x0000000770a00000, 0x00000007c0000000)
  eden space 65024K, 2% used [0x000000076b580000,0x000000076b6c51f8,0x000000076f500000)
  from space 10752K, 0% used [0x000000076ff80000,0x000000076ff80000,0x0000000770a00000)
  to   space 10752K, 0% used [0x000000076f500000,0x000000076f500000,0x000000076ff80000)
 ParOldGen       total 173568K, used 0K [0x00000006c2000000, 0x00000006cc980000, 0x000000076b580000)
  object space 173568K, 0% used [0x00000006c2000000,0x00000006c2000000,0x00000006cc980000)
 Metaspace       used 778K, capacity 4480K, committed 4480K, reserved 1056768K
  class space    used 76K, capacity 384K, committed 384K, reserved 1048576K

Card table byte_map: [0x0000022a74d50000,0x0000022a75550000] byte_map_base: 0x0000022a71740000

Marking Bits: (ParMarkBitMap*) 0x0000000061499030
 Begin Bits: [0x0000022a75aa0000, 0x0000022a79a20000)
 End Bits:   [0x0000022a79a20000, 0x0000022a7d9a0000)

Polling page: 0x0000022a73090000

CodeCache: size=245760Kb used=329Kb max_used=329Kb free=245430Kb
 bounds [0x0000022a00000000, 0x0000022a00270000, 0x0000022a0f000000]
 total_blobs=58 nmethods=0 adapters=38
 compilation: enabled

Compilation events (0 events):
No events

GC Heap History (0 events):
No events

Deoptimization events (0 events):
No events

Classes redefined (0 events):
No events

Internal exceptions (0 events):
No events

Events (10 events):
Event: 0.015 loading class java/lang/Short
Event: 0.015 loading class java/lang/Short done
Event: 0.015 loading class java/lang/Integer
Event: 0.015 loading class java/lang/Integer done
Event: 0.015 loading class java/lang/Long
Event: 0.015 loading class java/lang/Long done
Event: 0.015 loading class java/lang/NullPointerException
Event: 0.015 loading class java/lang/NullPointerException done
Event: 0.015 loading class java/lang/ArithmeticException
Event: 0.015 loading class java/lang/ArithmeticException done


Dynamic libraries:
0x00007ff6ceff0000 - 0x00007ff6cf037000 	D:\Java\jdk1.8.0_331\bin\java.exe
0x00007ffa83ca0000 - 0x00007ffa83ea9000 	C:\Windows\SYSTEM32\ntdll.dll
0x00007ffa82b60000 - 0x00007ffa82c1d000 	C:\Windows\System32\KERNEL32.DLL
0x00007ffa812b0000 - 0x00007ffa81624000 	C:\Windows\System32\KERNELBASE.dll
0x00007ffa82c20000 - 0x00007ffa82cce000 	C:\Windows\System32\ADVAPI32.dll
0x00007ffa827d0000 - 0x00007ffa82873000 	C:\Windows\System32\msvcrt.dll
0x00007ffa81bb0000 - 0x00007ffa81c4e000 	C:\Windows\System32\sechost.dll
0x00007ffa836b0000 - 0x00007ffa837d0000 	C:\Windows\System32\RPCRT4.dll
0x00007ffa82880000 - 0x00007ffa82a2c000 	C:\Windows\System32\USER32.dll
0x00007ffa81b10000 - 0x00007ffa81b36000 	C:\Windows\System32\win32u.dll
0x00007ffa821e0000 - 0x00007ffa82209000 	C:\Windows\System32\GDI32.dll
0x00007ffa81190000 - 0x00007ffa812a2000 	C:\Windows\System32\gdi32full.dll
0x00007ffa818d0000 - 0x00007ffa8196d000 	C:\Windows\System32\msvcp_win.dll
0x00007ffa81970000 - 0x00007ffa81a81000 	C:\Windows\System32\ucrtbase.dll
0x00007ffa624d0000 - 0x00007ffa62775000 	C:\Windows\WinSxS\amd64_microsoft.windows.common-controls_6595b64144ccf1df_6.0.22000.120_none_9d947278b86cc467\COMCTL32.dll
0x00007ffa82210000 - 0x00007ffa82241000 	C:\Windows\System32\IMM32.DLL
0x00007ffa6fb80000 - 0x00007ffa6fb95000 	D:\Java\jdk1.8.0_331\jre\bin\vcruntime140.dll
0x00007ffa5b7f0000 - 0x00007ffa5b88b000 	D:\Java\jdk1.8.0_331\jre\bin\msvcp140.dll
0x0000000060cb0000 - 0x0000000061511000 	D:\Java\jdk1.8.0_331\jre\bin\server\jvm.dll
0x00007ffa83990000 - 0x00007ffa83998000 	C:\Windows\System32\PSAPI.DLL
0x00007ffa79780000 - 0x00007ffa79789000 	C:\Windows\SYSTEM32\WSOCK32.dll
0x00007ffa7b1d0000 - 0x00007ffa7b1da000 	C:\Windows\SYSTEM32\VERSION.dll
0x00007ffa71250000 - 0x00007ffa71283000 	C:\Windows\SYSTEM32\WINMM.dll
0x00007ffa81b40000 - 0x00007ffa81baf000 	C:\Windows\System32\WS2_32.dll
0x00007ffa80380000 - 0x00007ffa80398000 	C:\Windows\SYSTEM32\kernel.appcore.dll
0x00007ffa6fd60000 - 0x00007ffa6fd70000 	D:\Java\jdk1.8.0_331\jre\bin\verify.dll
0x00007ffa6fb50000 - 0x00007ffa6fb7b000 	D:\Java\jdk1.8.0_331\jre\bin\java.dll
0x00007ffa6f410000 - 0x00007ffa6f440000 	D:\Java\jdk1.8.0_331\jre\bin\instrument.dll
0x00007ffa6e960000 - 0x00007ffa6e978000 	D:\Java\jdk1.8.0_331\jre\bin\zip.dll
0x00007ffa7ece0000 - 0x00007ffa7ef01000 	C:\Windows\SYSTEM32\dbghelp.dll
0x00007ffa81a90000 - 0x00007ffa81b0f000 	C:\Windows\System32\bcryptPrimitives.dll

VM Arguments:
jvm_args: -Dmaven.multiModuleProjectDirectory=C:\Users\33195\Desktop\final\easy-pvp -Dmaven.home=D:\JetBrains\IntelliJ IDEA 2022.1\plugins\maven\lib\maven3 -Dclassworlds.conf=D:\JetBrains\IntelliJ IDEA 2022.1\plugins\maven\lib\maven3\bin\m2.conf -Dmaven.ext.class.path=D:\JetBrains\IntelliJ IDEA 2022.1\plugins\maven\lib\maven-event-listener.jar -javaagent:D:\JetBrains\IntelliJ IDEA 2022.1\lib\idea_rt.jar=52421:D:\JetBrains\IntelliJ IDEA 2022.1\bin -Dfile.encoding=UTF-8 
java_command: org.codehaus.classworlds.Launcher -Didea.version=2022.1 package
java_class_path (initial): D:\JetBrains\IntelliJ IDEA 2022.1\plugins\maven\lib\maven3\boot\plexus-classworlds-2.6.0.jar;D:\JetBrains\IntelliJ IDEA 2022.1\plugins\maven\lib\maven3\boot\plexus-classworlds.license;D:\JetBrains\IntelliJ IDEA 2022.1\lib\idea_rt.jar
Launcher Type: SUN_STANDARD

Environment Variables:
PATH=C:\Program Files\Common Files\Oracle\Java\javapath;C:\Program Files\Microsoft MPI\Bin\;D:\VMware\VMware Workstation\bin\;C:\Windows\system32;C:\Windows;C:\Windows\System32\Wbem;C:\Windows\System32\WindowsPowerShell\v1.0\;C:\Windows\System32\OpenSSH\;C:\Program Files (x86)\Common Files\Autodesk Shared\;C:\Program Files (x86)\Autodesk\Backburner\;C:\Program Files (x86)\Microsoft SQL Server\150\DTS\Binn\;C:\Program Files\Microsoft SQL Server\Client SDK\ODBC\170\Tools\Binn\;C:\Program Files (x86)\Microsoft SQL Server\150\Tools\Binn\;C:\Program Files\Microsoft SQL Server\150\Tools\Binn\;C:\Program Files\Microsoft SQL Server\150\DTS\Binn\;D:\Git\cmd;C:\Users\33195\AppData\Local\Microsoft\WindowsApps;;D:\Microsoft VS Code\bin
USERNAME=33195
OS=Windows_NT
PROCESSOR_IDENTIFIER=Intel64 Family 6 Model 165 Stepping 2, GenuineIntel



---------------  S Y S T E M  ---------------

OS: Windows 11 , 64 bit Build 22000 (10.0.22000.613)

CPU:total 16 (initial active 16) (8 cores per cpu, 2 threads per core) family 6 model 165 stepping 2, cmov, cx8, fxsr, mmx, sse, sse2, sse3, ssse3, sse4.1, sse4.2, popcnt, avx, avx2, aes, clmul, erms, 3dnowpref, lzcnt, ht, tsc, tscinvbit, bmi1, bmi2, adx

Memory: 4k page, physical 16640816k(910968k free), swap 29748012k(5120k free)

vm_info: Java HotSpot(TM) 64-Bit Server VM (25.331-b09) for windows-amd64 JRE (1.8.0_331-b09), built on Mar 10 2022 03:14:38 by "java_re" with MS VC++ 15.9 (VS2017)

time: Sat May  7 12:42:14 2022
timezone: 中国标准时间
elapsed time: 0.024595 seconds (0d 0h 0m 0s)

