#
# There is insufficient memory for the Java Runtime Environment to continue.
# Native memory allocation (malloc) failed to allocate 32744 bytes for ChunkPool::allocate
# Possible reasons:
#   The system is out of physical RAM or swap space
#   The process is running with CompressedOops enabled, and the Java Heap may be blocking the growth of the native heap
# Possible solutions:
#   Reduce memory load on the system
#   Increase physical memory or swap space
#   Check if swap backing store is full
#   Decrease Java heap size (-Xmx/-Xms)
#   Decrease number of Java threads
#   Decrease Java thread stack sizes (-Xss)
#   Set larger code cache with -XX:ReservedCodeCacheSize=
#   JVM is running with Zero Based Compressed Oops mode in which the Java heap is
#     placed in the first 32GB address space. The Java Heap base address is the
#     maximum limit for the native heap growth. Please use -XX:HeapBaseMinAddress
#     to set the Java Heap base and to place the Java Heap above 32GB virtual address.
# This output file may be truncated or incomplete.
#
#  Out of Memory Error (allocation.cpp:272), pid=14932, tid=0x000000000000176c
#
# JRE version: Java(TM) SE Runtime Environment (8.0_331-b09) (build 1.8.0_331-b09)
# Java VM: Java HotSpot(TM) 64-Bit Server VM (25.331-b09 mixed mode windows-amd64 compressed oops)
# Failed to write core dump. Minidumps are not enabled by default on client versions of Windows
#

---------------  T H R E A D  ---------------

Current thread (0x000001d7b0d8e000):  JavaThread "Monitor Ctrl-Break" daemon [_thread_in_native, id=5996, stack(0x000000b8e6400000,0x000000b8e6500000)]

Stack: [0x000000b8e6400000,0x000000b8e6500000]
Native frames: (J=compiled Java code, j=interpreted, Vv=VM code, C=native code)
V  [jvm.dll+0x32fc49]
V  [jvm.dll+0x2761a2]
V  [jvm.dll+0x276e4d]
V  [jvm.dll+0x26d7f5]
V  [jvm.dll+0xd5ead]
V  [jvm.dll+0xd620c]
V  [jvm.dll+0x66311]
V  [jvm.dll+0x665f7]
V  [jvm.dll+0x6672d]
V  [jvm.dll+0x65d5f]
V  [jvm.dll+0x83e0e]
V  [jvm.dll+0x85250]
V  [jvm.dll+0x85613]
V  [jvm.dll+0x1012a2]
V  [jvm.dll+0xc1acf]
V  [jvm.dll+0xc1bde]
C  0x000001d794cebd07

Java frames: (J=compiled Java code, j=interpreted, Vv=VM code)
j  java.net.InetSocketAddress.<clinit>()V+26
v  ~StubRoutines::call_stub
j  java.net.Socket.<init>(Ljava/lang/String;I)V+5
j  com.intellij.rt.execution.application.AppMainV2$1.run()V+10
v  ~StubRoutines::call_stub

---------------  P R O C E S S  ---------------

Java Threads: ( => current thread )
  0x000001d7b0d90800 JavaThread "Service Thread" daemon [_thread_blocked, id=12360, stack(0x000000b8e7100000,0x000000b8e7200000)]
  0x000001d7b0d92000 JavaThread "C1 CompilerThread11" daemon [_thread_blocked, id=17612, stack(0x000000b8e7000000,0x000000b8e7100000)]
  0x000001d7b0d8d000 JavaThread "C1 CompilerThread10" daemon [_thread_blocked, id=13316, stack(0x000000b8e6f00000,0x000000b8e7000000)]
  0x000001d7b0d94000 JavaThread "C1 CompilerThread9" daemon [_thread_blocked, id=9224, stack(0x000000b8e6e00000,0x000000b8e6f00000)]
  0x000001d7b0d8f000 JavaThread "C1 CompilerThread8" daemon [_thread_blocked, id=4384, stack(0x000000b8e6d00000,0x000000b8e6e00000)]
  0x000001d7b0d92800 JavaThread "C2 CompilerThread7" daemon [_thread_blocked, id=11288, stack(0x000000b8e6c00000,0x000000b8e6d00000)]
  0x000001d7b0d93800 JavaThread "C2 CompilerThread6" daemon [_thread_blocked, id=16680, stack(0x000000b8e6b00000,0x000000b8e6c00000)]
  0x000001d7b0dd8800 JavaThread "C2 CompilerThread5" daemon [_thread_blocked, id=18536, stack(0x000000b8e6a00000,0x000000b8e6b00000)]
  0x000001d7b0dbd000 JavaThread "C2 CompilerThread4" daemon [_thread_blocked, id=12924, stack(0x000000b8e6900000,0x000000b8e6a00000)]
  0x000001d7b0da5000 JavaThread "C2 CompilerThread3" daemon [_thread_blocked, id=19788, stack(0x000000b8e6800000,0x000000b8e6900000)]
  0x000001d7b0d9c000 JavaThread "C2 CompilerThread2" daemon [_thread_blocked, id=19512, stack(0x000000b8e6700000,0x000000b8e6800000)]
  0x000001d7b0d99000 JavaThread "C2 CompilerThread1" daemon [_thread_in_native, id=13932, stack(0x000000b8e6600000,0x000000b8e6700000)]
  0x000001d7b0d97000 JavaThread "C2 CompilerThread0" daemon [_thread_blocked, id=7088, stack(0x000000b8e6500000,0x000000b8e6600000)]
=>0x000001d7b0d8e000 JavaThread "Monitor Ctrl-Break" daemon [_thread_in_native, id=5996, stack(0x000000b8e6400000,0x000000b8e6500000)]
  0x000001d7b0d65000 JavaThread "Attach Listener" daemon [_thread_blocked, id=2220, stack(0x000000b8e6300000,0x000000b8e6400000)]
  0x000001d7b0d50800 JavaThread "Signal Dispatcher" daemon [_thread_blocked, id=18172, stack(0x000000b8e6200000,0x000000b8e6300000)]
  0x000001d7b0cf1800 JavaThread "Finalizer" daemon [_thread_blocked, id=7104, stack(0x000000b8e6100000,0x000000b8e6200000)]
  0x000001d7b0cf0800 JavaThread "Reference Handler" daemon [_thread_blocked, id=15900, stack(0x000000b8e6000000,0x000000b8e6100000)]
  0x000001d793308800 JavaThread "main" [_thread_in_native, id=20036, stack(0x000000b8e5100000,0x000000b8e5200000)]

Other Threads:
  0x000001d7ae000800 VMThread [stack: 0x000000b8e5f00000,0x000000b8e6000000] [id=14512]

VM state:not at safepoint (normal execution)

VM Mutex/Monitor currently owned by a thread: None

heap address: 0x00000006c2000000, size: 4064 MB, Compressed Oops mode: Zero based, Oop shift amount: 3
Narrow klass base: 0x0000000000000000, Narrow klass shift: 3
Compressed class space size: 1073741824 Address: 0x00000007c0000000

Heap:
 PSYoungGen      total 75776K, used 2600K [0x000000076b580000, 0x0000000770a00000, 0x00000007c0000000)
  eden space 65024K, 4% used [0x000000076b580000,0x000000076b80a3f8,0x000000076f500000)
  from space 10752K, 0% used [0x000000076ff80000,0x000000076ff80000,0x0000000770a00000)
  to   space 10752K, 0% used [0x000000076f500000,0x000000076f500000,0x000000076ff80000)
 ParOldGen       total 173568K, used 0K [0x00000006c2000000, 0x00000006cc980000, 0x000000076b580000)
  object space 173568K, 0% used [0x00000006c2000000,0x00000006c2000000,0x00000006cc980000)
 Metaspace       used 2851K, capacity 4494K, committed 4864K, reserved 1056768K
  class space    used 308K, capacity 386K, committed 512K, reserved 1048576K

Card table byte_map: [0x000001d7a4090000,0x000001d7a4890000] byte_map_base: 0x000001d7a0a80000

Marking Bits: (ParMarkBitMap*) 0x0000000061499030
 Begin Bits: [0x000001d7a4de0000, 0x000001d7a8d60000)
 End Bits:   [0x000001d7a8d60000, 0x000001d7acce0000)

Polling page: 0x000001d7932c0000

CodeCache: size=245760Kb used=2771Kb max_used=2782Kb free=242988Kb
 bounds [0x000001d794cd0000, 0x000001d794f90000, 0x000001d7a3cd0000]
 total_blobs=249 nmethods=5 adapters=155
 compilation: enabled

Compilation events (0 events):
No events

GC Heap History (0 events):
No events

Deoptimization events (0 events):
No events

Classes redefined (0 events):
No events

Internal exceptions (5 events):
Event: 0.025 Thread 0x000001d793308800 Exception <a 'java/lang/NoSuchMethodError': Method sun.misc.Unsafe.defineClass(Ljava/lang/String;[BII)Ljava/lang/Class; name or signature does not match> (0x000000076b587cc0) thrown at [C:\jenkins\workspace\8-2-build-windows-amd64-cygwin\jdk8u331\2416\hot
Event: 0.025 Thread 0x000001d793308800 Exception <a 'java/lang/NoSuchMethodError': Method sun.misc.Unsafe.prefetchRead(Ljava/lang/Object;J)V name or signature does not match> (0x000000076b587fa8) thrown at [C:\jenkins\workspace\8-2-build-windows-amd64-cygwin\jdk8u331\2416\hotspot\src\share\vm\
Event: 0.064 Thread 0x000001d793308800 Exception <a 'java/util/zip/ZipException'> (0x000000076b651ce8) thrown at [C:\jenkins\workspace\8-2-build-windows-amd64-cygwin\jdk8u331\2416\hotspot\src\share\vm\prims\jni.cpp, line 710]
Event: 0.064 Thread 0x000001d793308800 Exception <a 'java/security/PrivilegedActionException'> (0x000000076b652420) thrown at [C:\jenkins\workspace\8-2-build-windows-amd64-cygwin\jdk8u331\2416\hotspot\src\share\vm\prims\jvm.cpp, line 1523]
Event: 0.064 Thread 0x000001d793308800 Exception <a 'java/security/PrivilegedActionException'> (0x000000076b652630) thrown at [C:\jenkins\workspace\8-2-build-windows-amd64-cygwin\jdk8u331\2416\hotspot\src\share\vm\prims\jvm.cpp, line 1523]

Events (10 events):
Event: 0.069 loading class java/net/InetSocketAddress
Event: 0.069 Thread 0x000001d7b0d93800 Thread added: 0x000001d7b0d93800
Event: 0.069 Thread 0x000001d7b0d92800 Thread added: 0x000001d7b0d92800
Event: 0.069 loading class java/net/SocketAddress
Event: 0.069 Thread 0x000001d7b0d8f000 Thread added: 0x000001d7b0d8f000
Event: 0.070 loading class java/net/SocketAddress done
Event: 0.070 loading class java/net/InetSocketAddress done
Event: 0.070 Thread 0x000001d7b0d94000 Thread added: 0x000001d7b0d94000
Event: 0.070 loading class java/net/InetAddress
Event: 0.070 Thread 0x000001d7b0d8d000 Thread added: 0x000001d7b0d8d000


Dynamic libraries:
0x00007ff629dc0000 - 0x00007ff629e07000 	D:\Java\jdk1.8.0_331\bin\java.exe
0x00007ffa83ca0000 - 0x00007ffa83ea9000 	C:\Windows\SYSTEM32\ntdll.dll
0x00007ffa82b60000 - 0x00007ffa82c1d000 	C:\Windows\System32\KERNEL32.DLL
0x00007ffa812b0000 - 0x00007ffa81624000 	C:\Windows\System32\KERNELBASE.dll
0x00007ffa82c20000 - 0x00007ffa82cce000 	C:\Windows\System32\ADVAPI32.dll
0x00007ffa827d0000 - 0x00007ffa82873000 	C:\Windows\System32\msvcrt.dll
0x00007ffa81bb0000 - 0x00007ffa81c4e000 	C:\Windows\System32\sechost.dll
0x00007ffa836b0000 - 0x00007ffa837d0000 	C:\Windows\System32\RPCRT4.dll
0x00007ffa82880000 - 0x00007ffa82a2c000 	C:\Windows\System32\USER32.dll
0x00007ffa81b10000 - 0x00007ffa81b36000 	C:\Windows\System32\win32u.dll
0x00007ffa821e0000 - 0x00007ffa82209000 	C:\Windows\System32\GDI32.dll
0x00007ffa81190000 - 0x00007ffa812a2000 	C:\Windows\System32\gdi32full.dll
0x00007ffa818d0000 - 0x00007ffa8196d000 	C:\Windows\System32\msvcp_win.dll
0x00007ffa81970000 - 0x00007ffa81a81000 	C:\Windows\System32\ucrtbase.dll
0x00007ffa624d0000 - 0x00007ffa62775000 	C:\Windows\WinSxS\amd64_microsoft.windows.common-controls_6595b64144ccf1df_6.0.22000.120_none_9d947278b86cc467\COMCTL32.dll
0x00007ffa82210000 - 0x00007ffa82241000 	C:\Windows\System32\IMM32.DLL
0x00007ffa79700000 - 0x00007ffa79715000 	D:\Java\jdk1.8.0_331\jre\bin\vcruntime140.dll
0x00007ffa6fc90000 - 0x00007ffa6fd2b000 	D:\Java\jdk1.8.0_331\jre\bin\msvcp140.dll
0x0000000060cb0000 - 0x0000000061511000 	D:\Java\jdk1.8.0_331\jre\bin\server\jvm.dll
0x00007ffa83990000 - 0x00007ffa83998000 	C:\Windows\System32\PSAPI.DLL
0x00007ffa7dc50000 - 0x00007ffa7dc59000 	C:\Windows\SYSTEM32\WSOCK32.dll
0x00007ffa71250000 - 0x00007ffa71283000 	C:\Windows\SYSTEM32\WINMM.dll
0x00007ffa7b1d0000 - 0x00007ffa7b1da000 	C:\Windows\SYSTEM32\VERSION.dll
0x00007ffa81b40000 - 0x00007ffa81baf000 	C:\Windows\System32\WS2_32.dll
0x00007ffa80380000 - 0x00007ffa80398000 	C:\Windows\SYSTEM32\kernel.appcore.dll
0x00007ffa79780000 - 0x00007ffa79790000 	D:\Java\jdk1.8.0_331\jre\bin\verify.dll
0x00007ffa6bd20000 - 0x00007ffa6bd4b000 	D:\Java\jdk1.8.0_331\jre\bin\java.dll
0x00007ffa5b790000 - 0x00007ffa5b7c0000 	D:\Java\jdk1.8.0_331\jre\bin\instrument.dll
0x00007ffa6ba40000 - 0x00007ffa6ba58000 	D:\Java\jdk1.8.0_331\jre\bin\zip.dll
0x00007ffa82f00000 - 0x00007ffa836af000 	C:\Windows\System32\SHELL32.dll
0x00007ffa7f310000 - 0x00007ffa7fb78000 	C:\Windows\SYSTEM32\windows.storage.dll
0x00007ffa81e00000 - 0x00007ffa82178000 	C:\Windows\System32\combase.dll
0x00007ffa7f1a0000 - 0x00007ffa7f306000 	C:\Windows\SYSTEM32\wintypes.dll
0x00007ffa82a60000 - 0x00007ffa82b4a000 	C:\Windows\System32\SHCORE.dll
0x00007ffa82180000 - 0x00007ffa821dd000 	C:\Windows\System32\shlwapi.dll
0x00007ffa810c0000 - 0x00007ffa810e1000 	C:\Windows\SYSTEM32\profapi.dll
0x00007ffa5ba20000 - 0x00007ffa5ba3a000 	D:\JetBrains\IntelliJ IDEA 2022.1\bin\breakgen64.dll
0x00007ffa7ece0000 - 0x00007ffa7ef01000 	C:\Windows\SYSTEM32\dbghelp.dll
0x00007ffa81a90000 - 0x00007ffa81b0f000 	C:\Windows\System32\bcryptPrimitives.dll

VM Arguments:
jvm_args: -Dmaven.multiModuleProjectDirectory=C:\Users\33195\Desktop\final\easy-pvp -Dmaven.home=D:\JetBrains\IntelliJ IDEA 2022.1\plugins\maven\lib\maven3 -Dclassworlds.conf=D:\JetBrains\IntelliJ IDEA 2022.1\plugins\maven\lib\maven3\bin\m2.conf -Dmaven.ext.class.path=D:\JetBrains\IntelliJ IDEA 2022.1\plugins\maven\lib\maven-event-listener.jar -javaagent:D:\JetBrains\IntelliJ IDEA 2022.1\lib\idea_rt.jar=57458:D:\JetBrains\IntelliJ IDEA 2022.1\bin -Dfile.encoding=UTF-8 
java_command: org.codehaus.classworlds.Launcher -Didea.version=2022.1 package
java_class_path (initial): D:\JetBrains\IntelliJ IDEA 2022.1\plugins\maven\lib\maven3\boot\plexus-classworlds-2.6.0.jar;D:\JetBrains\IntelliJ IDEA 2022.1\plugins\maven\lib\maven3\boot\plexus-classworlds.license;D:\JetBrains\IntelliJ IDEA 2022.1\lib\idea_rt.jar
Launcher Type: SUN_STANDARD

Environment Variables:
PATH=C:\Program Files\Common Files\Oracle\Java\javapath;C:\Program Files\Microsoft MPI\Bin\;D:\VMware\VMware Workstation\bin\;C:\Windows\system32;C:\Windows;C:\Windows\System32\Wbem;C:\Windows\System32\WindowsPowerShell\v1.0\;C:\Windows\System32\OpenSSH\;C:\Program Files (x86)\Common Files\Autodesk Shared\;C:\Program Files (x86)\Autodesk\Backburner\;C:\Program Files (x86)\Microsoft SQL Server\150\DTS\Binn\;C:\Program Files\Microsoft SQL Server\Client SDK\ODBC\170\Tools\Binn\;C:\Program Files (x86)\Microsoft SQL Server\150\Tools\Binn\;C:\Program Files\Microsoft SQL Server\150\Tools\Binn\;C:\Program Files\Microsoft SQL Server\150\DTS\Binn\;D:\Git\cmd;C:\Users\33195\AppData\Local\Microsoft\WindowsApps;;D:\Microsoft VS Code\bin
USERNAME=33195
OS=Windows_NT
PROCESSOR_IDENTIFIER=Intel64 Family 6 Model 165 Stepping 2, GenuineIntel



---------------  S Y S T E M  ---------------

OS: Windows 11 , 64 bit Build 22000 (10.0.22000.613)

CPU:total 16 (initial active 16) (8 cores per cpu, 2 threads per core) family 6 model 165 stepping 2, cmov, cx8, fxsr, mmx, sse, sse2, sse3, ssse3, sse4.1, sse4.2, popcnt, avx, avx2, aes, clmul, erms, 3dnowpref, lzcnt, ht, tsc, tscinvbit, bmi1, bmi2, adx

Memory: 4k page, physical 16640816k(1081324k free), swap 29748012k(3976k free)

vm_info: Java HotSpot(TM) 64-Bit Server VM (25.331-b09) for windows-amd64 JRE (1.8.0_331-b09), built on Mar 10 2022 03:14:38 by "java_re" with MS VC++ 15.9 (VS2017)

time: Fri May  6 18:22:35 2022
timezone: 中国标准时间
elapsed time: 0.081417 seconds (0d 0h 0m 0s)

